2023-03-23 11:21:48 [Debug] /Task:ms 50
2023-03-23 11:22:35 [Debug] /index.html:ms 50
2023-03-23 11:36:28 [Debug] /index.html:ms 11
2023-03-23 11:36:28 [Debug] /login.js:ms 1
2023-03-23 11:46:22 [Debug] /index.html:ms 3
2023-03-23 11:46:22 [Debug] /login.js:ms 1
2023-03-23 11:46:26 [Debug] /index.html:ms 1
2023-03-23 11:46:26 [Debug] /login.js:ms 0
2023-03-23 11:47:56 [Debug] /index.html:ms 1
2023-03-23 11:47:56 [Debug] /login.js:ms 1
2023-03-23 11:48:10 [Debug] /index.html:ms 0
2023-03-23 11:48:11 [Debug] /login.js:ms 0
2023-03-23 11:48:12 [Debug] /index.html:ms 1
2023-03-23 11:48:12 [Debug] /login.js:ms 0
2023-03-23 11:48:18 [Debug] /action_page.php:ms 0
2023-03-23 11:48:28 [Debug] /action_page.php:ms 0
2023-03-23 11:48:36 [Debug] /action_page.php:ms 0
2023-03-23 11:48:52 [Debug] /action_page.php:ms 0
2023-03-23 11:49:48 [Debug] /index.html:ms 92
2023-03-23 11:49:48 [Debug] /login.js:ms 8
2023-03-23 11:51:35 [Debug] /index.html:ms 10
2023-03-23 11:51:35 [Debug] /login.js:ms 0
2023-03-23 11:51:45 [Debug] /action_page.php:ms 0
2023-03-23 11:57:45 [Debug] /action_page.php:ms 0
2023-03-23 11:57:46 [Debug] /action_page.php:ms 0
2023-03-23 11:57:48 [Debug] /index.html:ms 22
2023-03-23 11:57:48 [Debug] /Task:ms 20
2023-03-23 11:57:55 [Debug] /swagger/index.html:ms 142
2023-03-23 11:57:56 [Debug] /swagger/v1/swagger.json:ms 174
2023-03-23 11:58:19 [Debug] /User/Login:ms 231
2023-03-23 12:02:28 [Debug] /swagger/index.html:ms 3
2023-03-23 12:02:28 [Debug] /swagger/v1/swagger.json:ms 12
2023-03-23 12:02:48 [Debug] /swagger/index.html:ms 5
2023-03-23 12:02:49 [Debug] /swagger/v1/swagger.json:ms 5
2023-03-23 12:04:32 [Debug] /swagger/index.html:ms 3
2023-03-23 12:04:33 [Debug] /swagger/v1/swagger.json:ms 10
2023-03-23 12:08:44 [Debug] /User/Login:ms 5
2023-03-23 12:08:49 [Debug] /User/Login:ms 0
2023-03-23 12:08:49 [Debug] /User/Login:ms 7
2023-03-23 12:13:40 [Debug] /index.html:ms 81
2023-03-23 12:13:41 [Debug] /login.js:ms 3
2023-03-23 12:13:49 [Debug] /action_page.php:ms 7
2023-03-23 12:15:58 [Debug] /index.html:ms 2
2023-03-23 12:15:58 [Debug] /login.js:ms 0
2023-03-23 12:16:03 [Debug] /index.html:ms 3
2023-03-23 12:16:03 [Debug] /login.js:ms 0
2023-03-23 12:16:04 [Debug] /index.html:ms 2
2023-03-23 12:16:04 [Debug] /login.js:ms 0
2023-03-23 12:16:05 [Debug] /index.html:ms 2
2023-03-23 12:16:05 [Debug] /login.js:ms 0
2023-03-23 12:16:05 [Debug] /index.html:ms 4
2023-03-23 12:16:05 [Debug] /login.js:ms 0
2023-03-23 12:16:09 [Debug] /action_page.php:ms 0
2023-03-23 12:16:14 [Debug] /action_page.php:ms 0
2023-03-23 12:16:23 [Debug] /action_page.php:ms 0
2023-03-23 12:26:29 [Debug] /action_page.php:ms 0
2023-03-23 12:30:38 [Debug] /action_page.php:ms 0
2023-03-23 12:31:30 [Debug] /action_page.php:ms 0
2023-03-23 12:31:33 [Debug] /action_page.php:ms 0
2023-03-23 12:31:34 [Debug] /action_page.php:ms 0
2023-03-23 12:31:38 [Debug] /action_page.php:ms 0
2023-03-23 12:36:37 [Debug] /index.html:ms 80
2023-03-23 12:36:37 [Debug] /login.js:ms 10
2023-03-23 12:37:04 [Debug] /action_page.php:ms 5
2023-03-23 12:37:27 [Debug] /action_page.php:ms 0
2023-03-23 12:37:41 [Debug] /action_page.php:ms 0
2023-03-23 12:38:55 [Debug] /login.js:ms 67
2023-03-23 12:39:14 [Debug] /action_page.php:ms 4
2023-03-23 12:39:16 [Debug] /action_page.php:ms 5
2023-03-23 12:39:17 [Debug] /action_page.php:ms 0
2023-03-23 12:39:17 [Debug] /action_page.php:ms 0
2023-03-23 12:39:17 [Debug] /action_page.php:ms 1
2023-03-23 12:39:22 [Debug] /action_page.php:ms 0
2023-03-23 12:39:23 [Debug] /action_page.php:ms 0
2023-03-23 12:40:10 [Debug] /action_page.php:ms 0
2023-03-23 12:40:12 [Debug] /action_page.php:ms 0
2023-03-23 12:40:13 [Debug] /action_page.php:ms 1
2023-03-23 12:40:34 [Debug] /index.html:ms 430
2023-03-23 12:40:35 [Debug] /login.js:ms 6
2023-03-23 12:40:40 [Debug] /login.js:ms 9
2023-03-23 12:40:55 [Debug] /action_page.php:ms 0
2023-03-23 12:40:56 [Debug] /action_page.php:ms 0
2023-03-23 12:42:01 [Debug] /login.js:ms 67
2023-03-23 12:42:32 [Debug] /index.html:ms 39
2023-03-23 12:42:32 [Debug] /login.js:ms 5
2023-03-23 12:43:41 [Debug] /index.html:ms 80
2023-03-23 12:43:41 [Debug] /login.js:ms 4
2023-03-23 12:45:04 [Debug] /index.html:ms 14
2023-03-23 12:45:04 [Debug] /login.js:ms 0
2023-03-23 12:46:18 [Debug] /index.html:ms 3
2023-03-23 12:46:18 [Debug] /login.js:ms 0
2023-03-23 12:46:18 [Debug] /index.html:ms 2
2023-03-23 12:46:18 [Debug] /login.js:ms 0
2023-03-23 12:46:18 [Debug] /index.html:ms 1
2023-03-23 12:46:19 [Debug] /login.js:ms 0
2023-03-23 12:46:19 [Debug] /index.html:ms 2
2023-03-23 12:46:19 [Debug] /login.js:ms 0
2023-03-23 12:47:52 [Debug] /index.html:ms 10
2023-03-23 12:47:52 [Debug] /login.js:ms 1
2023-03-23 12:48:21 [Debug] /index.html:ms 5
2023-03-23 12:48:21 [Debug] /login.js:ms 0
2023-03-23 12:49:35 [Debug] /index.html:ms 1
2023-03-23 12:49:35 [Debug] /login.js:ms 0
2023-03-23 12:50:32 [Debug] /index.html:ms 5
2023-03-23 12:50:32 [Debug] /login.js:ms 1
2023-03-23 12:50:33 [Debug] /index.html:ms 1
2023-03-23 12:50:33 [Debug] /login.js:ms 0
2023-03-23 12:50:34 [Debug] /index.html:ms 2
2023-03-23 12:50:34 [Debug] /login.js:ms 1
2023-03-23 12:51:06 [Debug] /index.html:ms 6
2023-03-23 12:51:06 [Debug] /login.js:ms 0
2023-03-23 12:52:10 [Debug] /index.html:ms 1
2023-03-23 12:52:10 [Debug] /login.js:ms 0
2023-03-23 12:52:16 [Debug] /index.html:ms 3
2023-03-23 12:52:16 [Debug] /login.js:ms 0
2023-03-23 12:52:16 [Debug] /index.html:ms 3
2023-03-23 12:52:16 [Debug] /login.js:ms 0
2023-03-23 12:52:16 [Debug] /index.html:ms 2
2023-03-23 12:52:16 [Debug] /login.js:ms 0
2023-03-23 12:52:16 [Debug] /index.html:ms 2
2023-03-23 12:52:16 [Debug] /login.js:ms 1
2023-03-23 12:52:48 [Debug] /index.html:ms 92
2023-03-23 12:52:48 [Debug] /login.js:ms 5
2023-03-23 12:52:54 [Debug] /index.html:ms 17
2023-03-23 12:52:54 [Debug] /login.js:ms 0
2023-03-23 12:52:54 [Debug] /favicon.ico:ms 0
2023-03-23 12:54:59 [Debug] /index.html:ms 24
2023-03-23 12:54:59 [Debug] /js/login.js:ms 22
2023-03-23 12:55:03 [Debug] /index.html:ms 1
2023-03-23 12:55:13 [Debug] /Users/Login:ms 0
2023-03-23 12:55:55 [Debug] /index.html:ms 2
2023-03-23 12:56:01 [Debug] /index.html:ms 1
2023-03-23 12:56:04 [Debug] /index.html:ms 1
2023-03-23 12:56:07 [Debug] /index.html:ms 2
2023-03-23 12:56:14 [Debug] /Users/Login:ms 0
2023-03-23 12:57:03 [Debug] /index.html:ms 4
2023-03-23 12:57:03 [Debug] /js/login.js:ms 1
2023-03-23 12:57:13 [Debug] /User/Login:ms 324
2023-03-23 12:58:07 [Debug] /index.html:ms 1
2023-03-23 12:58:07 [Debug] /js/login.js:ms 2
2023-03-23 12:58:11 [Debug] /index.html:ms 2
2023-03-23 12:58:11 [Debug] /js/login.js:ms 0
2023-03-23 12:58:16 [Debug] /User/Login:ms 8
2023-03-23 12:58:37 [Debug] /index.html:ms 1
2023-03-23 12:58:37 [Debug] /js/login.js:ms 3
2023-03-23 12:58:46 [Debug] /User/Login:ms 1
2023-03-23 12:59:57 [Debug] /User/Login:ms 1
2023-03-23 12:59:59 [Debug] /User/Login:ms 1
2023-03-23 01:00:03 [Debug] /User/Login:ms 10
2023-03-23 01:01:37 [Debug] /User/Login:ms 1
2023-03-23 01:02:39 [Debug] /index.html:ms 1
2023-03-23 01:02:39 [Debug] /js/login.js:ms 3
2023-03-23 01:02:56 [Debug] /User/Login:ms 3
2023-03-23 01:02:58 [Debug] /User/Login:ms 1
2023-03-23 01:02:58 [Debug] /User/Login:ms 1
2023-03-23 01:02:58 [Debug] /User/Login:ms 1
2023-03-23 01:02:58 [Debug] /User/Login:ms 1
2023-03-23 01:03:41 [Debug] /index.html:ms 1
2023-03-23 01:03:41 [Debug] /js/login.js:ms 0
2023-03-23 01:17:28 [Debug] /index.html:ms 75
2023-03-23 01:17:28 [Debug] /js/login.js:ms 16
2023-03-23 01:17:53 [Debug] /User/Login:ms 251
2023-03-23 01:21:40 [Debug] /index.html:ms 3
2023-03-23 01:21:40 [Debug] /js/login.js:ms 12
2023-03-23 01:23:51 [Debug] /index.html:ms 2
2023-03-23 01:23:51 [Debug] /js/login.js:ms 2
2023-03-23 01:24:11 [Debug] /User/Login:ms 7
2023-03-23 01:24:36 [Debug] /User/Login:ms 5
2023-03-23 01:24:48 [Debug] /index.html:ms 1
2023-03-23 01:24:48 [Debug] /js/login.js:ms 2
2023-03-23 01:31:37 [Debug] /index.html:ms 5
2023-03-23 01:31:37 [Debug] /js/login.js:ms 8
2023-03-23 01:31:50 [Debug] /js/login.js:ms 86
2023-03-23 01:32:00 [Debug] /User/Login:ms 272
2023-03-23 01:32:47 [Debug] /index.html:ms 24
2023-03-23 01:32:47 [Debug] /js/login.js:ms 9
2023-03-23 01:34:34 [Debug] /index.html:ms 3
2023-03-23 01:34:34 [Debug] /js/login.js:ms 4
2023-03-23 01:37:09 [Debug] /index.html:ms 1
2023-03-23 01:37:09 [Debug] /js/login.js:ms 16
2023-03-23 01:37:21 [Debug] /js/login.js:ms 123
2023-03-23 01:37:39 [Debug] /User/Login:ms 385
2023-03-23 01:38:09 [Debug] /User/Login:ms 6
2023-03-23 01:38:11 [Debug] /User/Login:ms 0
2023-03-23 01:38:11 [Debug] /User/Login:ms 1
2023-03-23 01:38:58 [Debug] /index.html:ms 16
2023-03-23 01:38:58 [Debug] /js/login.js:ms 5
2023-03-23 01:39:00 [Debug] /index.html:ms 6
2023-03-23 01:39:00 [Debug] /js/login.js:ms 5
2023-03-23 01:40:06 [Debug] /index.html:ms 1
2023-03-23 01:40:06 [Debug] /js/login.js:ms 11
2023-03-23 01:40:12 [Debug] /User/Login:ms 1
2023-03-23 01:40:50 [Debug] /index.html:ms 3
2023-03-23 01:40:50 [Debug] /js/login.js:ms 2
2023-03-23 01:40:55 [Debug] /index.html:ms 2
2023-03-23 01:40:55 [Debug] /js/login.js:ms 3
2023-03-23 01:42:54 [Debug] /index.html:ms 3
2023-03-23 01:42:54 [Debug] /js/login.js:ms 11
2023-03-23 01:42:55 [Debug] /index.html:ms 3
2023-03-23 02:20:38 [Debug] /index.html:ms 86
2023-03-23 02:20:38 [Debug] /js/login.js:ms 20
2023-03-23 02:20:38 [Debug] /favicon.ico:ms 12
2023-03-23 02:20:48 [Debug] /User/Login:ms 186
2023-03-23 02:22:00 [Debug] /index.html:ms 1
2023-03-23 02:22:00 [Debug] /js/login.js:ms 6
2023-03-23 02:22:04 [Debug] /index.html:ms 1
2023-03-23 02:22:04 [Debug] /js/login.js:ms 0
2023-03-23 02:22:05 [Debug] /index.html:ms 1
2023-03-23 02:22:05 [Debug] /js/login.js:ms 1
2023-03-23 02:22:22 [Debug] /User/Login:ms 3
2023-03-23 02:22:48 [Debug] /index.html:ms 2
2023-03-23 02:22:48 [Debug] /js/login.js:ms 1
2023-03-23 02:22:59 [Debug] /User/Login:ms 3
2023-03-23 02:23:47 [Debug] /index.html:ms 3
2023-03-23 02:23:47 [Debug] /js/login.js:ms 1
2023-03-23 02:24:04 [Debug] /index.html:ms 2
2023-03-23 02:24:04 [Debug] /js/login.js:ms 1
2023-03-23 02:24:08 [Debug] /index.html:ms 1
2023-03-23 02:24:08 [Debug] /js/login.js:ms 1
2023-03-23 02:24:26 [Debug] /User/Login:ms 1
2023-03-23 02:25:21 [Debug] /index.html:ms 1
2023-03-23 02:25:21 [Debug] /js/login.js:ms 3
2023-03-23 02:25:28 [Debug] /index.html:ms 1
2023-03-23 02:25:28 [Debug] /js/login.js:ms 0
2023-03-23 02:25:40 [Debug] /index.html:ms 2
2023-03-23 02:25:40 [Debug] /js/login.js:ms 2
2023-03-23 02:25:49 [Debug] /User/Login:ms 13
2023-03-23 02:26:24 [Debug] /User/Login:ms 8
2023-03-23 02:27:21 [Debug] /index.html:ms 2
2023-03-23 02:27:21 [Debug] /js/login.js:ms 1
2023-03-23 02:27:27 [Debug] /index.html:ms 4
2023-03-23 02:27:27 [Debug] /js/login.js:ms 0
2023-03-23 02:27:34 [Debug] /User/Login:ms 1
2023-03-23 02:28:38 [Debug] /index.html:ms 1
2023-03-23 02:28:38 [Debug] /js/login.js:ms 2
2023-03-23 02:28:52 [Debug] /User/Login:ms 3
2023-03-23 02:28:52 [Debug] /User/Login:ms 0
2023-03-23 02:29:28 [Debug] /index.html:ms 5
2023-03-23 02:29:28 [Debug] /js/login.js:ms 2
2023-03-23 02:29:32 [Debug] /index.html:ms 2
2023-03-23 02:29:32 [Debug] /js/login.js:ms 0
2023-03-23 02:29:37 [Debug] /User/Login:ms 1
2023-03-23 02:35:07 [Debug] /index.html:ms 1
2023-03-23 02:35:07 [Debug] /js/login.js:ms 4
2023-03-23 02:35:19 [Debug] /User/Login:ms 2
2023-03-23 02:36:39 [Debug] /index.html:ms 1
2023-03-23 02:36:39 [Debug] /js/login.js:ms 0
2023-03-23 02:36:50 [Debug] /User/Login:ms 1
2023-03-23 02:36:50 [Debug] /error.html:ms 8
2023-03-23 02:38:10 [Debug] /error.html:ms 0
2023-03-23 02:38:36 [Debug] /User/Login:ms 2
2023-03-23 02:39:02 [Debug] /swagger/index.html:ms 80
2023-03-23 02:39:03 [Debug] /swagger/v1/swagger.json:ms 176
